2015-07-26 20:00:36,084 INFO  [Log4JLogger] New driver instantiated 
2015-07-26 20:00:37,418 INFO  [Log4JLogger] Gurukula application launched 
2015-07-26 20:00:37,905 INFO  [Log4JLogger] Username and password entered  
2015-07-26 20:00:39,069 INFO  [Log4JLogger] Navigated to Branch page  
2015-07-26 20:00:41,744 INFO  [Log4JLogger] Added Branch  
2015-07-26 20:00:44,248 INFO  [Log4JLogger] Added Branch  
2015-07-26 20:00:45,818 INFO  [Log4JLogger] Successfully searched Branch  
2015-07-26 20:00:47,497 INFO  [Log4JLogger] Successfully viewed Branch  
2015-07-26 20:00:50,387 INFO  [Log4JLogger] Successfully Edited Branch  
2015-07-26 20:00:52,801 INFO  [Log4JLogger] Successfully deleted Branch  
2015-07-26 20:01:03,749 INFO  [Log4JLogger] New driver instantiated 
2015-07-26 20:01:04,897 INFO  [Log4JLogger] Gurukula application launched 
2015-07-26 20:10:12,285 INFO  [Log4JLogger] New driver instantiated 
2015-07-26 20:10:13,765 INFO  [Log4JLogger] Gurukula application launched 
2015-07-26 20:10:14,385 INFO  [Log4JLogger] Username and password entered  
2015-07-26 20:10:16,006 INFO  [Log4JLogger] Navigated to Branch page  
2015-07-26 20:10:21,861 INFO  [Log4JLogger] Added Branch  
2015-07-26 20:10:24,307 INFO  [Log4JLogger] Added Branch  
2015-07-26 20:10:26,700 INFO  [Log4JLogger] Added Branch  
2015-07-26 20:10:29,067 INFO  [Log4JLogger] Added Branch  
2015-07-26 20:10:31,880 INFO  [Log4JLogger] Added Branch  
2015-07-26 20:10:34,325 INFO  [Log4JLogger] Added Branch  
2015-07-26 20:10:36,942 INFO  [Log4JLogger] Added Branch  
2015-07-26 20:10:39,308 INFO  [Log4JLogger] Added Branch  
2015-07-26 20:10:41,704 INFO  [Log4JLogger] Added Branch  
2015-07-26 20:10:44,128 INFO  [Log4JLogger] Added Branch  
2015-07-26 20:10:45,631 INFO  [Log4JLogger] Successfully searched Branch  
2015-07-26 20:10:47,316 INFO  [Log4JLogger] Successfully viewed Branch  
2015-07-26 20:10:49,954 INFO  [Log4JLogger] Successfully Edited Branch  
2015-07-26 20:10:52,111 INFO  [Log4JLogger] Successfully deleted Branch  
2015-07-26 20:10:57,598 INFO  [Log4JLogger] New driver instantiated 
2015-07-26 20:10:58,625 INFO  [Log4JLogger] Gurukula application launched 
